<?xml version="1.0" encoding="UTF-8"?>
<!-- Generated by org.testng.reporters.JUnitReportReporter -->
<testsuite hostname="ALIPC-80CLCH6" failures="0" tests="1" name="week5.day1.CreateLead" time="10.568" errors="0" timestamp="2022-04-23T18:25:59 IST" skipped="0">
  <testcase classname="week5.day1.CreateLead" name="createLeadTest" time="10.568"/>
  <system-out/>
</testsuite> <!-- week5.day1.CreateLead -->
