<?xml version="1.0" encoding="UTF-8"?>
<!-- Generated by org.testng.reporters.JUnitReportReporter -->
<testsuite hostname="ALIPC-80CLCH6" failures="0" tests="1" name="week5.day1.DuplicateLead" time="9.397" errors="0" timestamp="2022-04-23T18:25:59 IST" skipped="0">
  <testcase classname="week5.day1.DuplicateLead" name="DeleteLeadTest" time="9.397"/>
  <system-out/>
</testsuite> <!-- week5.day1.DuplicateLead -->
