<?xml version="1.0" encoding="UTF-8"?>
<!-- Generated by org.testng.reporters.JUnitReportReporter -->
<testsuite hostname="ALIPC-80CLCH6" failures="0" tests="2" name="week6.day2.CreateLead" time="18.679" errors="0" timestamp="2022-04-24T16:52:57 IST" skipped="0">
  <testcase classname="week6.day2.CreateLead" name="createLead" time="8.887"/>
  <system-out/>
  <testcase classname="week6.day2.CreateLead" name="createLead" time="9.792"/>
  <system-out/>
</testsuite> <!-- week6.day2.CreateLead -->
