<?xml version="1.0" encoding="UTF-8"?>
<!-- Generated by org.testng.reporters.JUnitReportReporter -->
<testsuite hostname="ALIPC-80CLCH6" failures="0" tests="2" name="week6.day2.ExcelCreateLead" time="25.255" errors="0" timestamp="2022-04-24T19:44:44 IST" skipped="0">
  <testcase classname="week6.day2.ExcelCreateLead" name="createLead" time="12.745"/>
  <system-out/>
  <testcase classname="week6.day2.ExcelCreateLead" name="createLead" time="12.510"/>
  <system-out/>
</testsuite> <!-- week6.day2.ExcelCreateLead -->
