<?xml version="1.0" encoding="UTF-8"?>
<!-- Generated by org.testng.reporters.JUnitReportReporter -->
<testsuite hostname="ALIPC-80CLCH6" failures="0" tests="1" name="runner.CucumberRunner" time="4.969" errors="0" timestamp="2022-05-01T17:30:18 IST" skipped="0">
  <testcase classname="runner.CucumberRunner" name="runScenario" time="4.969"/>
  <system-out/>
</testsuite> <!-- runner.CucumberRunner -->
